<?xml version="1.0" encoding="UTF-8"?>
<!-- Generated by org.testng.reporters.JUnitReportReporter -->
<testsuite hostname="abhishekrb" failures="0" tests="1" name="test_NG1.ExcludeMethods" time="0.114" errors="0" timestamp="2023-06-26T22:27:28 IST" skipped="0">
  <testcase classname="test_NG1.ExcludeMethods" name="Method1" time="0.114">
    <system-out>
      <![CDATA[Method-1 is running ....]]>
    </system-out>
  </testcase> <!-- Method1 -->
  <system-out>
    <![CDATA[Method-1 is running ....]]>
  </system-out>
</testsuite> <!-- test_NG1.ExcludeMethods -->
