<?xml version="1.0" encoding="UTF-8"?>
<!-- Generated by org.testng.reporters.JUnitReportReporter -->
<testsuite hostname="abhishekrb" failures="0" tests="1" name="dataProvider_policyBazaar.PolicyBazaar_PCTest" time="77.114" errors="0" timestamp="2023-09-12T00:35:13 IST" skipped="0">
  <testcase classname="dataProvider_policyBazaar.PolicyBazaar_PCTest" name="logintoPC" time="77.114"/>
</testsuite> <!-- dataProvider_policyBazaar.PolicyBazaar_PCTest -->
