<?xml version="1.0" encoding="UTF-8"?>
<!-- Generated by org.testng.reporters.JUnitReportReporter -->
<testsuite hostname="abhishekrb" failures="0" tests="4" name="test_NG.test_NG.Group1" time="0.144" errors="0" timestamp="2023-08-28T21:41:34 IST" skipped="0">
  <testcase classname="test_NG.test_NG.Group1" name="Mymethod6" time="0.009">
    <system-out>
      <![CDATA[Mymethod6 is running ...]]>
    </system-out>
  </testcase> <!-- Mymethod6 -->
  <testcase classname="test_NG.test_NG.Group1" name="Mymethod11" time="0.045">
    <system-out>
      <![CDATA[Mymethod11 is running ...]]>
    </system-out>
  </testcase> <!-- Mymethod11 -->
  <testcase classname="test_NG.test_NG.Group1" name="Mymethod10" time="0.076">
    <system-out>
      <![CDATA[Mymethod10 is running ...]]>
    </system-out>
  </testcase> <!-- Mymethod10 -->
  <testcase classname="test_NG.test_NG.Group1" name="Mymethod8" time="0.014">
    <system-out>
      <![CDATA[Mymethod8 is running ...]]>
    </system-out>
  </testcase> <!-- Mymethod8 -->
  <system-out>
    <![CDATA[Mymethod10 is running ...
Mymethod11 is running ...
Mymethod6 is running ...
Mymethod8 is running ...
Mymethod5 is running ....
Mymethod2 is running ....]]>
  </system-out>
</testsuite> <!-- test_NG.test_NG.Group1 -->
