<?xml version="1.0" encoding="UTF-8"?>
<!-- Generated by org.testng.reporters.JUnitReportReporter -->
<testsuite hostname="abhishekrb" failures="0" tests="7" name="test_NG.test_NG.NewTest_1" time="0.159" errors="0" timestamp="2023-08-26T14:17:57 IST" skipped="1">
  <testcase classname="test_NG.test_NG.NewTest_1" name="Mymethod8" time="0.032">
    <system-out>
      <![CDATA[Mymethod8 is running ...]]>
    </system-out>
  </testcase> <!-- Mymethod8 -->
  <testcase classname="test_NG.test_NG.NewTest_1" name="Mymethod7" time="0.031">
    <system-out>
      <![CDATA[Mymethod7 is running ...]]>
    </system-out>
  </testcase> <!-- Mymethod7 -->
  <testcase classname="test_NG.test_NG.NewTest_1" name="Mymethod9" time="0.011">
    <system-out>
      <![CDATA[Mymethod9 is running ...]]>
    </system-out>
  </testcase> <!-- Mymethod9 -->
  <testcase classname="test_NG.test_NG.NewTest_1" name="Mymethod7" time="0.024">
    <system-out>
      <![CDATA[Mymethod7 is running ...]]>
    </system-out>
  </testcase> <!-- Mymethod7 -->
  <testcase classname="test_NG.test_NG.NewTest_1" name="Mymethod10" time="0.053">
    <system-out>
      <![CDATA[Mymethod10 is running ...]]>
    </system-out>
  </testcase> <!-- Mymethod10 -->
  <testcase classname="test_NG.test_NG.NewTest_1" name="Mymethod6" time="0.008">
    <system-out>
      <![CDATA[Mymethod6 is running ...]]>
    </system-out>
  </testcase> <!-- Mymethod6 -->
  <testcase classname="test_NG.test_NG.NewTest_1" name="Mymethod11">
    <skipped/>
  </testcase> <!-- Mymethod11 -->
  <system-out>
    <![CDATA[Mymethod10 is running ...
Mymethod6 is running ...
Mymethod7 is running ...
Mymethod7 is running ...
Mymethod8 is running ...
Mymethod9 is running ...]]>
  </system-out>
</testsuite> <!-- test_NG.test_NG.NewTest_1 -->
