<?xml version="1.0" encoding="UTF-8"?>
<!-- Generated by org.testng.reporters.JUnitReportReporter -->
<testsuite hostname="abhishekrb" failures="0" tests="3" name="test_NG.NewTest" time="46.616" errors="0" timestamp="2023-08-19T14:03:54 IST" skipped="0">
  <testcase classname="test_NG.NewTest" name="ab" time="0.043">
    <system-out>
      <![CDATA[ab is running ]]>
    </system-out>
  </testcase> <!-- ab -->
  <testcase classname="test_NG.NewTest" name="cd" time="0.012">
    <system-out>
      <![CDATA[cd is running ]]>
    </system-out>
  </testcase> <!-- cd -->
  <testcase classname="test_NG.NewTest" name="f" time="46.561"/>
  <system-out>
    <![CDATA[ab is running 
cd is running 
This is the test1 method...
This is the test1 method...
This is the test1 method...
This is the test1 method...
This is the test method...
This is the test method...
This is the test method...]]>
  </system-out>
</testsuite> <!-- test_NG.NewTest -->
