<?xml version="1.0" encoding="UTF-8"?>
<!-- Generated by org.testng.reporters.JUnitReportReporter -->
<testsuite hostname="abhishekrb" failures="0" tests="3" name="crossbrowser.test_NG.crossBrowserTesting" time="269.135" errors="0" timestamp="2023-08-29T21:17:36 IST" skipped="0">
  <testcase classname="crossbrowser.test_NG.crossBrowserTesting" name="cbTest" time="95.791"/>
  <testcase classname="crossbrowser.test_NG.crossBrowserTesting" name="cbTest" time="84.545"/>
  <testcase classname="crossbrowser.test_NG.crossBrowserTesting" name="cbTest" time="88.799"/>
</testsuite> <!-- crossbrowser.test_NG.crossBrowserTesting -->
