<?xml version="1.0" encoding="UTF-8"?>
<!-- Generated by org.testng.reporters.JUnitReportReporter -->
<testsuite hostname="abhishekrb" failures="0" tests="1" name="test_NG1.ValidateCurrrentUrl" time="26.335" errors="0" timestamp="2023-09-03T12:42:26 IST" skipped="0">
  <testcase classname="test_NG1.ValidateCurrrentUrl" name="validateurl" time="26.335">
    <system-out>
      <![CDATA[Actual and Expected Url Matches. TC Passed]]>
    </system-out>
  </testcase> <!-- validateurl -->
  <system-out>
    <![CDATA[Actual and Expected Url Matches. TC Passed]]>
  </system-out>
</testsuite> <!-- test_NG1.ValidateCurrrentUrl -->
