<?xml version="1.0" encoding="UTF-8"?>
<!-- Generated by org.testng.reporters.JUnitReportReporter -->
<testsuite hostname="abhishekrb" failures="0" tests="4" name="dataprovider_study.fbaccnt" time="112.279" errors="0" timestamp="2023-09-11T21:09:58 IST" skipped="0">
  <testcase classname="dataprovider_study.fbaccnt" name="fbacc" time="29.759"/>
  <testcase classname="dataprovider_study.fbaccnt" name="Aigaccnt" time="28.328"/>
  <testcase classname="dataprovider_study.fbaccnt" name="Aigaccnt" time="26.560"/>
  <testcase classname="dataprovider_study.fbaccnt" name="fbacc" time="27.632"/>
</testsuite> <!-- dataprovider_study.fbaccnt -->
